<?xml version="1.0" encoding="UTF-8"?>
<testng-results skipped="0" failed="0" ignored="0" total="1" passed="1">
  <reporter-output>
  </reporter-output>
  <suite name="Default suite" duration-ms="21098" started-at="2020-07-16T08:44:36Z" finished-at="2020-07-16T08:44:57Z">
    <groups>
    </groups>
    <test name="Default test" duration-ms="21098" started-at="2020-07-16T08:44:36Z" finished-at="2020-07-16T08:44:57Z">
      <class name="Tests.TestCases">
        <test-method status="PASS" signature="beforeMethod()[pri:0, instance:Tests.TestCases@28feb3fa]" name="beforeMethod" is-config="true" duration-ms="5016" started-at="2020-07-16T14:14:36Z" finished-at="2020-07-16T14:14:41Z">
          <reporter-output>
          </reporter-output>
        </test-method> <!-- beforeMethod -->
        <test-method status="PASS" signature="testMethod()[pri:0, instance:Tests.TestCases@28feb3fa]" name="testMethod" duration-ms="14321" started-at="2020-07-16T14:14:41Z" finished-at="2020-07-16T14:14:55Z">
          <reporter-output>
          </reporter-output>
        </test-method> <!-- testMethod -->
        <test-method status="PASS" signature="afterMethod()[pri:0, instance:Tests.TestCases@28feb3fa]" name="afterMethod" is-config="true" duration-ms="1724" started-at="2020-07-16T14:14:55Z" finished-at="2020-07-16T14:14:57Z">
          <reporter-output>
          </reporter-output>
        </test-method> <!-- afterMethod -->
      </class> <!-- Tests.TestCases -->
    </test> <!-- Default test -->
  </suite> <!-- Default suite -->
</testng-results>
